<?xml version="1.0" encoding="UTF-8"?>
<!-- Generated by org.testng.reporters.JUnitXMLReporter -->
<testsuite ignored="0" hostname="JeenaPaul" failures="0" tests="6" name="ChromeTest" time="8.582" errors="0" timestamp="2026-03-19T19:45:31 IST">
  <testcase classname="automationcore.Base" name="@BeforeMethod browserInitialisation" time="6.865">
    <failure type="org.openqa.selenium.NoSuchWindowException" message="no such window: target window already closed
from unknown error: web view not found
  (Session info: chrome=146.0.7680.80)
Build info: version: &amp;apos;4.41.0&amp;apos;, revision: &amp;apos;9fc754f&amp;apos;
System info: os.name: &amp;apos;Windows 11&amp;apos;, os.arch: &amp;apos;amd64&amp;apos;, os.version: &amp;apos;10.0&amp;apos;, java.version: &amp;apos;17.0.12&amp;apos;
Driver info: org.openqa.selenium.chrome.ChromeDriver
Command: [ea09782c80f38080e4e0c9ccdfc56efe, maximizeCurrentWindow {}]
Capabilities {acceptInsecureCerts: false, browserName: chrome, browserVersion: 146.0.7680.80, chrome: {chromedriverVersion: 146.0.7680.153 (85fd829a1b2..., userDataDir: C:\Users\91996\AppData\Loca...}, fedcm:accounts: true, goog:chromeOptions: {debuggerAddress: localhost:63961}, goog:processID: 19552, networkConnectionEnabled: false, pageLoadStrategy: normal, platformName: windows, proxy: Proxy(), se:cdp: ws://localhost:63961/devtoo..., se:cdpVersion: 146.0.7680.80, setWindowRect: true, strictFileInteractability: false, timeouts: {implicit: 0, pageLoad: 300000, script: 30000}, unhandledPromptBehavior: dismiss and notify, webauthn:extension:credBlob: true, webauthn:extension:largeBlob: true, webauthn:extension:minPinLength: true, webauthn:extension:prf: true, webauthn:virtualAuthenticators: true}
Session ID: ea09782c80f38080e4e0c9ccdfc56efe">
      <![CDATA[org.openqa.selenium.NoSuchWindowException: no such window: target window already closed
from unknown error: web view not found
  (Session info: chrome=146.0.7680.80)
Build info: version: '4.41.0', revision: '9fc754f'
System info: os.name: 'Windows 11', os.arch: 'amd64', os.version: '10.0', java.version: '17.0.12'
Driver info: org.openqa.selenium.chrome.ChromeDriver
Command: [ea09782c80f38080e4e0c9ccdfc56efe, maximizeCurrentWindow {}]
Capabilities {acceptInsecureCerts: false, browserName: chrome, browserVersion: 146.0.7680.80, chrome: {chromedriverVersion: 146.0.7680.153 (85fd829a1b2..., userDataDir: C:\Users\91996\AppData\Loca...}, fedcm:accounts: true, goog:chromeOptions: {debuggerAddress: localhost:63961}, goog:processID: 19552, networkConnectionEnabled: false, pageLoadStrategy: normal, platformName: windows, proxy: Proxy(), se:cdp: ws://localhost:63961/devtoo..., se:cdpVersion: 146.0.7680.80, setWindowRect: true, strictFileInteractability: false, timeouts: {implicit: 0, pageLoad: 300000, script: 30000}, unhandledPromptBehavior: dismiss and notify, webauthn:extension:credBlob: true, webauthn:extension:largeBlob: true, webauthn:extension:minPinLength: true, webauthn:extension:prf: true, webauthn:virtualAuthenticators: true}
Session ID: ea09782c80f38080e4e0c9ccdfc56efe
at org.openqa.selenium.remote.ErrorCodec.decode(ErrorCodec.java:169)
at org.openqa.selenium.remote.codec.w3c.W3CHttpResponseCodec.decode(W3CHttpResponseCodec.java:142)
at org.openqa.selenium.remote.codec.w3c.W3CHttpResponseCodec.decode(W3CHttpResponseCodec.java:49)
at org.openqa.selenium.remote.HttpCommandExecutor.execute(HttpCommandExecutor.java:223)
at org.openqa.selenium.remote.service.DriverCommandExecutor.invokeExecute(DriverCommandExecutor.java:216)
at org.openqa.selenium.remote.service.DriverCommandExecutor.execute(DriverCommandExecutor.java:174)
at org.openqa.selenium.remote.RemoteWebDriver.execute(RemoteWebDriver.java:604)
at org.openqa.selenium.remote.RemoteWebDriver.execute(RemoteWebDriver.java:686)
at org.openqa.selenium.remote.RemoteWebDriver.execute(RemoteWebDriver.java:690)
at org.openqa.selenium.remote.RemoteWebDriver$RemoteWebDriverOptions$RemoteWindow.maximize(RemoteWebDriver.java:1197)
at automationcore.Base.browserInitialisation(Base.java:49)
at java.base/java.util.ArrayList.forEach(ArrayList.java:1511)
... Removed 31 stack frames]]>
    </failure>
  </testcase> <!-- @BeforeMethod browserInitialisation -->
  <testcase classname="automationcore.Base" name="@BeforeMethod browserInitialisation" time="0.0">
    <skipped/>
  </testcase> <!-- @BeforeMethod browserInitialisation -->
  <testcase classname="automationcore.Base" name="@BeforeMethod browserInitialisation" time="0.0">
    <skipped/>
  </testcase> <!-- @BeforeMethod browserInitialisation -->
  <testcase classname="automationcore.Base" name="@BeforeMethod browserInitialisation" time="0.0">
    <skipped/>
  </testcase> <!-- @BeforeMethod browserInitialisation -->
  <testcase classname="automationcore.Base" name="@BeforeMethod browserInitialisation" time="0.0">
    <skipped/>
  </testcase> <!-- @BeforeMethod browserInitialisation -->
  <testcase classname="automationcore.Base" name="@BeforeMethod browserInitialisation" time="0.0">
    <skipped/>
  </testcase> <!-- @BeforeMethod browserInitialisation -->
  <testcase classname="testscript.CatapultClassroomProgramTest" name="verifyFeesAssignment" time="0.001">
    <skipped/>
  </testcase> <!-- verifyFeesAssignment -->
  <testcase classname="testscript.CatapultClassroomProgramTest" name="verifyFeesAssignment" time="0.0">
    <skipped/>
  </testcase> <!-- verifyFeesAssignment -->
  <testcase classname="testscript.CatapultClassroomProgramTest" name="verifyFeesAssignment" time="0.0">
    <skipped/>
  </testcase> <!-- verifyFeesAssignment -->
  <testcase classname="testscript.CatapultClassroomProgramTest" name="verifyFeesAssignment" time="0.0">
    <skipped/>
  </testcase> <!-- verifyFeesAssignment -->
  <testcase classname="testscript.CatapultClassroomProgramTest" name="verifyFeesAssignment" time="0.0">
    <skipped/>
  </testcase> <!-- verifyFeesAssignment -->
  <testcase classname="testscript.CatapultClassroomProgramTest" name="verifyFeesAssignment" time="0.0">
    <skipped/>
  </testcase> <!-- verifyFeesAssignment -->
</testsuite> <!-- ChromeTest -->
