<?xml version="1.0" encoding="UTF-8"?>
<!-- Generated by org.testng.reporters.JUnitXMLReporter -->
<testsuite ignored="0" hostname="JeenaPaul" failures="0" tests="6" name="EdgeTest" time="13.283" errors="0" timestamp="2026-03-19T19:45:52 IST">
  <testcase classname="testscript.CatapultClassroomProgramTest" name="verifyFeesAssignment" time="0.0">
    <skipped/>
  </testcase> <!-- verifyFeesAssignment -->
  <testcase classname="testscript.CatapultClassroomProgramTest" name="verifyFeesAssignment" time="0.0">
    <skipped/>
  </testcase> <!-- verifyFeesAssignment -->
  <testcase classname="testscript.CatapultClassroomProgramTest" name="verifyFeesAssignment" time="0.0">
    <skipped/>
  </testcase> <!-- verifyFeesAssignment -->
  <testcase classname="testscript.CatapultClassroomProgramTest" name="verifyFeesAssignment" time="0.0">
    <skipped/>
  </testcase> <!-- verifyFeesAssignment -->
  <testcase classname="testscript.CatapultClassroomProgramTest" name="verifyFeesAssignment" time="0.0">
    <skipped/>
  </testcase> <!-- verifyFeesAssignment -->
  <testcase classname="testscript.CatapultClassroomProgramTest" name="verifyFeesAssignment" time="0.0">
    <skipped/>
  </testcase> <!-- verifyFeesAssignment -->
</testsuite> <!-- EdgeTest -->
