<?xml version="1.0" encoding="UTF-8"?>
<!-- Generated by org.testng.reporters.JUnitXMLReporter -->
<testsuite ignored="0" hostname="JeenaPaul" failures="5" tests="6" name="Test" time="116.232" errors="0" timestamp="2026-03-20T12:03:51 IST">
  <testcase classname="testscript.CatapultClassroomProgramTest" name="verifyFeesAssignment" time="2.476">
    <failure type="java.lang.AssertionError" message="The amount is not matching with the database expected [84075.0] but found [95285.0]">
      <![CDATA[java.lang.AssertionError: The amount is not matching with the database expected [84075.0] but found [95285.0]
at testscript.CatapultClassroomProgramTest.verifyFeesAssignment(CatapultClassroomProgramTest.java:33)
at java.base/java.util.ArrayList.forEach(ArrayList.java:1511)
... Removed 30 stack frames]]>
    </failure>
  </testcase> <!-- verifyFeesAssignment -->
  <testcase classname="testscript.CatapultClassroomProgramTest" name="verifyFeesAssignment" time="2.318">
    <failure type="java.lang.AssertionError" message="The amount is not matching with the database expected [75667.0] but found [11210.0]">
      <![CDATA[java.lang.AssertionError: The amount is not matching with the database expected [75667.0] but found [11210.0]
at testscript.CatapultClassroomProgramTest.verifyFeesAssignment(CatapultClassroomProgramTest.java:33)
at java.base/java.util.ArrayList.forEach(ArrayList.java:1511)
... Removed 30 stack frames]]>
    </failure>
  </testcase> <!-- verifyFeesAssignment -->
  <testcase classname="testscript.CatapultClassroomProgramTest" name="verifyFeesAssignment" time="11.215">
    <failure type="java.lang.AssertionError" message="The dropdown is missing. Expected condition failed: waiting for visibility of Proxy element for: DefaultElementLocator &amp;apos;By.xpath: //input[@id=&amp;apos;newtotalcost&amp;apos;]/preceding-sibling::span&amp;apos;
(tried for 10 seconds with 500 milliseconds interval)">
      <![CDATA[java.lang.AssertionError: The dropdown is missing. Expected condition failed: waiting for visibility of Proxy element for: DefaultElementLocator 'By.xpath: //input[@id='newtotalcost']/preceding-sibling::span'
(tried for 10 seconds with 500 milliseconds interval)
at testscript.CatapultClassroomProgramTest.verifyFeesAssignment(CatapultClassroomProgramTest.java:37)
at java.base/java.util.ArrayList.forEach(ArrayList.java:1511)
... Removed 28 stack frames]]>
    </failure>
  </testcase> <!-- verifyFeesAssignment -->
  <testcase classname="testscript.CatapultClassroomProgramTest" name="verifyFeesAssignment" time="11.299">
    <failure type="java.lang.AssertionError" message="The dropdown is missing. Expected condition failed: waiting for visibility of Proxy element for: DefaultElementLocator &amp;apos;By.xpath: //input[@id=&amp;apos;newtotalcost&amp;apos;]/preceding-sibling::span&amp;apos;
(tried for 10 seconds with 500 milliseconds interval)">
      <![CDATA[java.lang.AssertionError: The dropdown is missing. Expected condition failed: waiting for visibility of Proxy element for: DefaultElementLocator 'By.xpath: //input[@id='newtotalcost']/preceding-sibling::span'
(tried for 10 seconds with 500 milliseconds interval)
at testscript.CatapultClassroomProgramTest.verifyFeesAssignment(CatapultClassroomProgramTest.java:37)
at java.base/java.util.ArrayList.forEach(ArrayList.java:1511)
... Removed 28 stack frames]]>
    </failure>
  </testcase> <!-- verifyFeesAssignment -->
  <testcase classname="testscript.CatapultClassroomProgramTest" name="verifyFeesAssignment" time="2.025"/>
  <testcase classname="testscript.CatapultClassroomProgramTest" name="verifyFeesAssignment" time="10.887">
    <failure type="java.lang.AssertionError" message="The dropdown is missing. Expected condition failed: waiting for visibility of Proxy element for: DefaultElementLocator &amp;apos;By.xpath: //input[@id=&amp;apos;newtotalcost&amp;apos;]/preceding-sibling::span&amp;apos;
(tried for 10 seconds with 500 milliseconds interval)">
      <![CDATA[java.lang.AssertionError: The dropdown is missing. Expected condition failed: waiting for visibility of Proxy element for: DefaultElementLocator 'By.xpath: //input[@id='newtotalcost']/preceding-sibling::span'
(tried for 10 seconds with 500 milliseconds interval)
at testscript.CatapultClassroomProgramTest.verifyFeesAssignment(CatapultClassroomProgramTest.java:37)
at java.base/java.util.ArrayList.forEach(ArrayList.java:1511)
... Removed 28 stack frames]]>
    </failure>
  </testcase> <!-- verifyFeesAssignment -->
</testsuite> <!-- Test -->
