<?xml version="1.0" encoding="UTF-8"?>
<!-- Generated by org.testng.reporters.JUnitXMLReporter -->
<testsuite ignored="0" hostname="JeenaPaul" failures="0" tests="6" name="Test" time="1.663" errors="0" timestamp="2026-03-17T18:37:36 IST">
  <testcase classname="automationcore.Base" name="@BeforeMethod browserInitialisation" time="0.007">
    <failure type="java.io.FileNotFoundException" message="D:\eclipse-workspace\IMS\src\main\resources\config.property (The system cannot find the file specified)">
      <![CDATA[java.io.FileNotFoundException: D:\eclipse-workspace\IMS\src\main\resources\config.property (The system cannot find the file specified)
at java.base/java.io.FileInputStream.open0(Native Method)
at java.base/java.io.FileInputStream.open(FileInputStream.java:216)
at java.base/java.io.FileInputStream.<init>(FileInputStream.java:157)
at java.base/java.io.FileInputStream.<init>(FileInputStream.java:111)
at automationcore.Base.browserInitialisation(Base.java:32)
at java.base/java.util.ArrayList.forEach(ArrayList.java:1511)
... Removed 31 stack frames]]>
    </failure>
  </testcase> <!-- @BeforeMethod browserInitialisation -->
  <testcase classname="automationcore.Base" name="@AfterMethod closeBrowser" time="0.002">
    <failure type="java.lang.NullPointerException" message="Cannot invoke &amp;quot;org.openqa.selenium.WebDriver.quit()&amp;quot; because &amp;quot;this.driver&amp;quot; is null">
      <![CDATA[java.lang.NullPointerException: Cannot invoke "org.openqa.selenium.WebDriver.quit()" because "this.driver" is null
at automationcore.Base.closeBrowser(Base.java:62)
at java.base/java.util.ArrayList.forEach(ArrayList.java:1511)
... Removed 32 stack frames]]>
    </failure>
  </testcase> <!-- @AfterMethod closeBrowser -->
  <testcase classname="automationcore.Base" name="@BeforeMethod browserInitialisation" time="0.001">
    <failure type="java.io.FileNotFoundException" message="D:\eclipse-workspace\IMS\src\main\resources\config.property (The system cannot find the file specified)">
      <![CDATA[java.io.FileNotFoundException: D:\eclipse-workspace\IMS\src\main\resources\config.property (The system cannot find the file specified)
at java.base/java.io.FileInputStream.open0(Native Method)
at java.base/java.io.FileInputStream.open(FileInputStream.java:216)
at java.base/java.io.FileInputStream.<init>(FileInputStream.java:157)
at java.base/java.io.FileInputStream.<init>(FileInputStream.java:111)
at automationcore.Base.browserInitialisation(Base.java:32)
at java.base/java.util.ArrayList.forEach(ArrayList.java:1511)
... Removed 31 stack frames]]>
    </failure>
  </testcase> <!-- @BeforeMethod browserInitialisation -->
  <testcase classname="automationcore.Base" name="@AfterMethod closeBrowser" time="0.0">
    <failure type="java.lang.NullPointerException" message="Cannot invoke &amp;quot;org.openqa.selenium.WebDriver.quit()&amp;quot; because &amp;quot;this.driver&amp;quot; is null">
      <![CDATA[java.lang.NullPointerException: Cannot invoke "org.openqa.selenium.WebDriver.quit()" because "this.driver" is null
at automationcore.Base.closeBrowser(Base.java:62)
at java.base/java.util.ArrayList.forEach(ArrayList.java:1511)
... Removed 32 stack frames]]>
    </failure>
  </testcase> <!-- @AfterMethod closeBrowser -->
  <testcase classname="automationcore.Base" name="@BeforeMethod browserInitialisation" time="0.001">
    <failure type="java.io.FileNotFoundException" message="D:\eclipse-workspace\IMS\src\main\resources\config.property (The system cannot find the file specified)">
      <![CDATA[java.io.FileNotFoundException: D:\eclipse-workspace\IMS\src\main\resources\config.property (The system cannot find the file specified)
at java.base/java.io.FileInputStream.open0(Native Method)
at java.base/java.io.FileInputStream.open(FileInputStream.java:216)
at java.base/java.io.FileInputStream.<init>(FileInputStream.java:157)
at java.base/java.io.FileInputStream.<init>(FileInputStream.java:111)
at automationcore.Base.browserInitialisation(Base.java:32)
at java.base/java.util.ArrayList.forEach(ArrayList.java:1511)
... Removed 31 stack frames]]>
    </failure>
  </testcase> <!-- @BeforeMethod browserInitialisation -->
  <testcase classname="automationcore.Base" name="@AfterMethod closeBrowser" time="0.002">
    <failure type="java.lang.NullPointerException" message="Cannot invoke &amp;quot;org.openqa.selenium.WebDriver.quit()&amp;quot; because &amp;quot;this.driver&amp;quot; is null">
      <![CDATA[java.lang.NullPointerException: Cannot invoke "org.openqa.selenium.WebDriver.quit()" because "this.driver" is null
at automationcore.Base.closeBrowser(Base.java:62)
at java.base/java.util.ArrayList.forEach(ArrayList.java:1511)
... Removed 32 stack frames]]>
    </failure>
  </testcase> <!-- @AfterMethod closeBrowser -->
  <testcase classname="automationcore.Base" name="@BeforeMethod browserInitialisation" time="0.002">
    <failure type="java.io.FileNotFoundException" message="D:\eclipse-workspace\IMS\src\main\resources\config.property (The system cannot find the file specified)">
      <![CDATA[java.io.FileNotFoundException: D:\eclipse-workspace\IMS\src\main\resources\config.property (The system cannot find the file specified)
at java.base/java.io.FileInputStream.open0(Native Method)
at java.base/java.io.FileInputStream.open(FileInputStream.java:216)
at java.base/java.io.FileInputStream.<init>(FileInputStream.java:157)
at java.base/java.io.FileInputStream.<init>(FileInputStream.java:111)
at automationcore.Base.browserInitialisation(Base.java:32)
at java.base/java.util.ArrayList.forEach(ArrayList.java:1511)
... Removed 31 stack frames]]>
    </failure>
  </testcase> <!-- @BeforeMethod browserInitialisation -->
  <testcase classname="automationcore.Base" name="@AfterMethod closeBrowser" time="0.0">
    <failure type="java.lang.NullPointerException" message="Cannot invoke &amp;quot;org.openqa.selenium.WebDriver.quit()&amp;quot; because &amp;quot;this.driver&amp;quot; is null">
      <![CDATA[java.lang.NullPointerException: Cannot invoke "org.openqa.selenium.WebDriver.quit()" because "this.driver" is null
at automationcore.Base.closeBrowser(Base.java:62)
at java.base/java.util.ArrayList.forEach(ArrayList.java:1511)
... Removed 32 stack frames]]>
    </failure>
  </testcase> <!-- @AfterMethod closeBrowser -->
  <testcase classname="automationcore.Base" name="@BeforeMethod browserInitialisation" time="0.0">
    <failure type="java.io.FileNotFoundException" message="D:\eclipse-workspace\IMS\src\main\resources\config.property (The system cannot find the file specified)">
      <![CDATA[java.io.FileNotFoundException: D:\eclipse-workspace\IMS\src\main\resources\config.property (The system cannot find the file specified)
at java.base/java.io.FileInputStream.open0(Native Method)
at java.base/java.io.FileInputStream.open(FileInputStream.java:216)
at java.base/java.io.FileInputStream.<init>(FileInputStream.java:157)
at java.base/java.io.FileInputStream.<init>(FileInputStream.java:111)
at automationcore.Base.browserInitialisation(Base.java:32)
at java.base/java.util.ArrayList.forEach(ArrayList.java:1511)
... Removed 31 stack frames]]>
    </failure>
  </testcase> <!-- @BeforeMethod browserInitialisation -->
  <testcase classname="automationcore.Base" name="@AfterMethod closeBrowser" time="0.009">
    <failure type="java.lang.NullPointerException" message="Cannot invoke &amp;quot;org.openqa.selenium.WebDriver.quit()&amp;quot; because &amp;quot;this.driver&amp;quot; is null">
      <![CDATA[java.lang.NullPointerException: Cannot invoke "org.openqa.selenium.WebDriver.quit()" because "this.driver" is null
at automationcore.Base.closeBrowser(Base.java:62)
at java.base/java.util.ArrayList.forEach(ArrayList.java:1511)
... Removed 32 stack frames]]>
    </failure>
  </testcase> <!-- @AfterMethod closeBrowser -->
  <testcase classname="automationcore.Base" name="@BeforeMethod browserInitialisation" time="0.001">
    <failure type="java.io.FileNotFoundException" message="D:\eclipse-workspace\IMS\src\main\resources\config.property (The system cannot find the file specified)">
      <![CDATA[java.io.FileNotFoundException: D:\eclipse-workspace\IMS\src\main\resources\config.property (The system cannot find the file specified)
at java.base/java.io.FileInputStream.open0(Native Method)
at java.base/java.io.FileInputStream.open(FileInputStream.java:216)
at java.base/java.io.FileInputStream.<init>(FileInputStream.java:157)
at java.base/java.io.FileInputStream.<init>(FileInputStream.java:111)
at automationcore.Base.browserInitialisation(Base.java:32)
at java.base/java.util.ArrayList.forEach(ArrayList.java:1511)
... Removed 31 stack frames]]>
    </failure>
  </testcase> <!-- @BeforeMethod browserInitialisation -->
  <testcase classname="automationcore.Base" name="@AfterMethod closeBrowser" time="0.005">
    <failure type="java.lang.NullPointerException" message="Cannot invoke &amp;quot;org.openqa.selenium.WebDriver.quit()&amp;quot; because &amp;quot;this.driver&amp;quot; is null">
      <![CDATA[java.lang.NullPointerException: Cannot invoke "org.openqa.selenium.WebDriver.quit()" because "this.driver" is null
at automationcore.Base.closeBrowser(Base.java:62)
at java.base/java.util.ArrayList.forEach(ArrayList.java:1511)
... Removed 32 stack frames]]>
    </failure>
  </testcase> <!-- @AfterMethod closeBrowser -->
  <testcase classname="testscript.CatapultClassroomProgramTest" name="verifyFeesAssignment" time="0.0">
    <skipped/>
  </testcase> <!-- verifyFeesAssignment -->
  <testcase classname="testscript.CatapultClassroomProgramTest" name="verifyFeesAssignment" time="0.001">
    <skipped/>
  </testcase> <!-- verifyFeesAssignment -->
  <testcase classname="testscript.CatapultClassroomProgramTest" name="verifyFeesAssignment" time="0.0">
    <skipped/>
  </testcase> <!-- verifyFeesAssignment -->
  <testcase classname="testscript.CatapultClassroomProgramTest" name="verifyFeesAssignment" time="0.0">
    <skipped/>
  </testcase> <!-- verifyFeesAssignment -->
  <testcase classname="testscript.CatapultClassroomProgramTest" name="verifyFeesAssignment" time="0.0">
    <skipped/>
  </testcase> <!-- verifyFeesAssignment -->
  <testcase classname="testscript.CatapultClassroomProgramTest" name="verifyFeesAssignment" time="0.0">
    <skipped/>
  </testcase> <!-- verifyFeesAssignment -->
</testsuite> <!-- Test -->
